<?xml version="1.0" encoding="UTF-8"?>
<!-- Generated by org.testng.reporters.JUnitXMLReporter -->
<testsuite hostname="SRINIIYE-AT02L" ignored="4" name="Default test" tests="1" failures="0" timestamp="09 Jan 2018 12:58:35 GMT" time="11.738" errors="0">
  <testcase name="getfrmexcel" time="0.6" classname="tests.Testscripts"/>
  <testcase name="getdatafromtable" time="0.0" classname="tests.Testscripts">
    <ignored/>
  </testcase> <!-- getdatafromtable -->
  <testcase name="getallElementsBoostrapListBox" time="0.0" classname="tests.Testscripts">
    <ignored/>
  </testcase> <!-- getallElementsBoostrapListBox -->
  <testcase name="usedata" time="0.0" classname="tests.Testscripts">
    <ignored/>
  </testcase> <!-- usedata -->
  <testcase name="SimpleFormDemo" time="0.0" classname="tests.Testscripts">
    <ignored/>
  </testcase> <!-- SimpleFormDemo -->
</testsuite> <!-- Default test -->
